<?xml version="1.0" encoding="UTF-8"?>
<!-- Generated by org.testng.reporters.JUnitReportReporter -->
<testsuite skipped="0" hostname="DESKTOP-VJQ5M8V" name="phpTravels.PHPTravel" tests="1" failures="0" timestamp="2019-12-16T12:05:37 IST" time="0.004" errors="0">
  <testcase name="Other" time="0.004" classname="phpTravels.PHPTravel"/>
</testsuite> <!-- phpTravels.PHPTravel -->
